[11-Apr-2026 10:04:41 Africa/Nairobi] [HospitalMailer] SendGrid HTTP 0 | cURL: error adding trust anchors from file:  | to=samanthadori97@gmail.com | body=
[11-Apr-2026 10:05:20 Africa/Nairobi] [HospitalMailer] SendGrid HTTP 0 | cURL: error adding trust anchors from file:  | to=samanthadori97@gmail.com | body=
[11-Apr-2026 10:05:23 Africa/Nairobi] [HospitalMailer] SendGrid HTTP 0 | cURL: error adding trust anchors from file:  | to=samanthadori97@gmail.com | body=
[11-Apr-2026 10:08:02 Africa/Nairobi] [HospitalMailer] SendGrid HTTP 0 | cURL: error adding trust anchors from file:  | to=samanthadori97@gmail.com | body=
[11-Apr-2026 10:15:13 Africa/Nairobi] [HospitalMailer] SendGrid HTTP 0 | cURL: error adding trust anchors from file:  | to=samanthadori97@gmail.com | body=
[11-Apr-2026 10:15:32 Africa/Nairobi] [HospitalMailer] SendGrid HTTP 0 | cURL: error adding trust anchors from file:  | to=samanthadori97@gmail.com | body=
[11-Apr-2026 10:15:35 Africa/Nairobi] [HospitalMailer] SendGrid HTTP 0 | cURL: error adding trust anchors from file:  | to=samanthadori97@gmail.com | body=
[11-Apr-2026 10:40:48 Africa/Nairobi] [Mailer SG] HTTP 0 — error adding trust anchors from file:  — to=briangillo.co@gmail.com — body=
[11-Apr-2026 11:02:55 Africa/Nairobi] [Mailer SG] HTTP 0 — error adding trust anchors from file:  — to=planeazzy@gmail.com — body=
[11-Apr-2026 11:09:32 Africa/Nairobi] [Mailer SG] HTTP 0 — error adding trust anchors from file:  — to=planeazzy@gmail.com — body=
[11-Apr-2026 14:21:50 Africa/Nairobi] [Mailer SG] HTTP 0 — error adding trust anchors from file:  — to=filexmaina@gmail.com — body=
[11-Apr-2026 15:24:21 Africa/Nairobi] [Mailer SG] HTTP 0 — error adding trust anchors from file:  — to=tamuboost@gmail.com — body=
[11-Apr-2026 15:41:01 Africa/Nairobi] [Mailer SG] HTTP 0 — error adding trust anchors from file:  — to=planeazzy@gmail.com — body=
[11-Apr-2026 15:45:19 Africa/Nairobi] [Mailer SG] HTTP 0 — error adding trust anchors from file:  — to=planeazzy@gmail.com — body=
[12-Apr-2026 18:30:38 Africa/Nairobi] [Mailer SG] HTTP 0 — error adding trust anchors from file:  — to=rastucgroup@gmail.com — body=
[12-Apr-2026 18:32:56 Africa/Nairobi] [Mailer SG] HTTP 0 — error adding trust anchors from file:  — to=rastucgroup@gmail.com — body=
[12-Apr-2026 19:13:58 Africa/Nairobi] [Mailer SG] HTTP 0 — error adding trust anchors from file:  — to=rastucgroup@gmail.com — body=
[12-Apr-2026 19:14:55 Africa/Nairobi] [Mailer SG] HTTP 0 — error adding trust anchors from file:  — to=rastucltd@gmail.com — body=
[12-Apr-2026 19:29:29 Africa/Nairobi] [Mailer SG] HTTP 0 — error adding trust anchors from file:  — to=raymondsianyo@gmail.com — body=
[12-Apr-2026 19:32:36 Africa/Nairobi] [Mailer SG] HTTP 0 — error adding trust anchors from file:  — to=kebasosianyo@students.uonbi.ac.ke — body=
